[00:49:12] [User Authenticator #1/INFO]: UUID of player Breloomc is 48130506-0588-31fd-a5ba-9c8dc9352584
[00:49:12] [Server thread/INFO]: Breloomc joined the game
[00:49:12] [Server thread/INFO]: Breloomc[/181.52.3.54:59676] logged in with entity id 1293 at ([world]-21.431752933975986, 84.5625, -510.37540837929424)
[00:56:59] [Server thread/INFO]: Breloomc issued server command: /skills
[01:12:22] [Server thread/WARN]: Breloomc moved wrongly!
[01:23:00] [Server thread/INFO]: Breloomc issued server command: /sethome Breloom
[01:23:05] [Server thread/INFO]: Breloomc issued server command: /home Breloomc
[01:24:18] [Server thread/INFO]: Breloomc issued server command: /home Breloom
[01:25:03] [Server thread/INFO]: Breloomc issued server command: /home Breloomc
[01:25:40] [Server thread/INFO]: Breloomc issued server command: /home Breloom
[01:26:29] [Server thread/INFO]: Breloomc issued server command: /home Breloomc
[01:26:55] [Server thread/INFO]: Breloomc issued server command: /home Breloom
[01:34:28] [Server thread/INFO]: Breloomc issued server command: /home Breloomc
[01:40:18] [Server thread/INFO]: Breloomc issued server command: /home Breloom
[01:40:32] [Server thread/INFO]: Breloomc issued server command: /home Breloomc
[01:40:46] [Server thread/INFO]: Breloomc issued server command: /home help
[01:40:57] [Server thread/INFO]: Breloomc issued server command: /sethome help
[01:46:16] [Server thread/INFO]: Breloomc issued server command: /home Breloom
[01:54:16] [Server thread/INFO]: Breloomc issued server command: /home Breloomc
[01:55:32] [Server thread/INFO]: Breloomc issued server command: /home Breloom
[01:56:17] [Server thread/INFO]: Breloomc issued server command: /home Breloom
[01:57:21] [Server thread/INFO]: Breloomc issued server command: /home Breloomc
[02:12:32] [Server thread/INFO]: Breloomc issued server command: /home Breloom
[02:12:50] [Server thread/INFO]: Breloomc issued server command: /home Breloomc
[02:13:15] [Server thread/INFO]: Breloomc issued server command: /home Breloom
[02:16:51] [Server thread/INFO]: Breloomc issued server command: /home Breloomc
[02:18:04] [Server thread/INFO]: Named entity EntitySkeleton['Infernal Skeleton'/14367, uuid='369f5a69-5d66-4c6a-84bf-88f855e55e5c', l='ServerLevel[world]', x=-26.19, y=27.37, z=-488.48, cpos=[-2, -31], tl=944, v=true] died: Infernal Skeleton suffocated in a wall
[02:21:49] [Server thread/INFO]: Breloomc lost connection: Disconnected
[02:21:49] [Server thread/INFO]: Breloomc left the game
[08:58:11] [User Authenticator #2/INFO]: UUID of player Prime_Ramirez is de17829c-516a-30df-a011-d9dd7d32f24d
[08:58:11] [Server thread/INFO]: Prime_Ramirez joined the game
[08:58:11] [Server thread/INFO]: Prime_Ramirez[/191.108.44.158:49273] logged in with entity id 15267 at ([world]-1012.3605719494284, -15.0, 159.79676233420227)
[09:05:09] [Server thread/INFO]: Prime_Ramirez was shot by Skeleton
[09:16:13] [Server thread/INFO]: Prime_Ramirez issued server command: /home Prime_Ramirez
[09:18:10] [Server thread/INFO]: Named entity EntityZombie['Infernal Zombie'/17782, uuid='3216a6cc-78d1-44ba-a614-b0c9567c051d', l='ServerLevel[world]', x=-425.51, y=32.35, z=3.03, cpos=[-27, 0], tl=2703, v=true] died: Infernal Zombie suffocated in a wall
[09:18:33] [Server thread/WARN]: Betty (vehicle of Prime_Ramirez) moved wrongly! 0.34764289187292263
[09:18:33] [Server thread/WARN]: Betty (vehicle of Prime_Ramirez) moved wrongly! 0.74934803009333
[09:18:33] [Server thread/WARN]: Betty (vehicle of Prime_Ramirez) moved wrongly! 0.40477242654856127
[09:32:05] [Server thread/INFO]: Prime_Ramirez has made the advancement [The Parrots and the Bats]
[09:33:19] [Server thread/INFO]: [InfernalMobs] [STDOUT] Can't spawn mount!
[09:33:19] [Server thread/WARN]: Nag author(s): '[Eliminator]' of 'InfernalMobs v6.7' about their usage of System.out/err.print. Please use your plugin's logger instead (JavaPlugin#getLogger).
[09:33:19] [Server thread/INFO]: [InfernalMobs] [STDOUT] MUSHROOM_COW is not a valid Entity!
[09:38:42] [Server thread/INFO]: Prime_Ramirez issued server command: /home Prime_Ramirez
[09:45:20] [Server thread/INFO]: Prime_Ramirez lost connection: Disconnected
[09:45:20] [Server thread/INFO]: Prime_Ramirez left the game
[09:45:55] [User Authenticator #3/INFO]: UUID of player Prime_Ramirez is de17829c-516a-30df-a011-d9dd7d32f24d
[09:45:55] [Server thread/INFO]: Prime_Ramirez joined the game
[09:45:55] [Server thread/INFO]: Prime_Ramirez[/191.108.44.158:49609] logged in with entity id 24520 at ([world]-625.5204940836888, -6.818641007551234, 413.69999998807907)
[10:21:19] [Server thread/INFO]: Prime_Ramirez issued server command: /home Prime_Ramirez
[10:24:05] [Server thread/INFO]: Named entity EntityBat['Infernal Bat'/29644, uuid='32640274-61bf-421e-8ff7-6e44c75ae615', l='ServerLevel[world]', x=-313.67, y=3.78, z=-194.41, cpos=[-20, -13], tl=992, v=true] died: Infernal Bat suffocated in a wall
[10:27:51] [Server thread/INFO]: Prime_Ramirez issued server command: /skills
[10:28:22] [Server thread/INFO]: Prime_Ramirez issued server command: /skills
[10:29:41] [Server thread/INFO]: Prime_Ramirez issued server command: /skills
[10:34:09] [Server thread/INFO]: Prime_Ramirez has made the advancement [Cover Me with Diamonds]
[10:36:20] [Server thread/INFO]: Prime_Ramirez issued server command: /home Prime_Ramirez
[10:40:43] [Server thread/INFO]: Named entity EntitySkeleton['Infernal Skeleton'/32439, uuid='1123288a-03d4-49e1-9318-600161c70151', l='ServerLevel[world]', x=-316.01, y=88.65, z=-206.30, cpos=[-20, -13], tl=947, v=true] died: Infernal Skeleton was slain by Zoglin
[10:56:27] [Server thread/INFO]: [InfernalMobs] [STDOUT] Can't spawn mount!
[10:56:27] [Server thread/WARN]: Nag author(s): '[Eliminator]' of 'InfernalMobs v6.7' about their usage of System.out/err.print. Please use your plugin's logger instead (JavaPlugin#getLogger).
[10:56:27] [Server thread/INFO]: [InfernalMobs] [STDOUT] ENDER_DRAGON is not a valid Entity!
[10:58:26] [Server thread/INFO]: Prime_Ramirez issued server command: /skills
[11:08:50] [Server thread/INFO]: Prime_Ramirez was slain by Enderman
[11:14:49] [Server thread/INFO]: Prime_Ramirez issued server command: /skills
[11:16:58] [Server thread/INFO]: Prime_Ramirez issued server command: /home Prime_Ramirez
[11:17:37] [Server thread/INFO]: Named entity EntityZombie['Infernal Zombie'/37839, uuid='e2d0e830-39a5-449d-9baa-7f920ddcd75f', l='ServerLevel[world]', x=-317.35, y=22.00, z=-77.67, cpos=[-20, -5], tl=771, v=true] died: Infernal Zombie was slain by Zoglin
[11:24:41] [Server thread/INFO]: [InfernalMobs] [STDOUT] Can't spawn mount!
[11:24:41] [Server thread/WARN]: Nag author(s): '[Eliminator]' of 'InfernalMobs v6.7' about their usage of System.out/err.print. Please use your plugin's logger instead (JavaPlugin#getLogger).
[11:24:41] [Server thread/INFO]: [InfernalMobs] [STDOUT] ENDER_DRAGON is not a valid Entity!
[11:24:52] [Server thread/INFO]: Prime_Ramirez issued server command: /skills
[11:40:17] [Server thread/INFO]: Named entity EntitySkeleton['Infernal Skeleton'/41005, uuid='320a601d-d5e7-4cc0-9a66-618fee14facf', l='ServerLevel[world]', x=-274.45, y=29.18, z=-150.55, cpos=[-18, -10], tl=1568, v=true] died: Infernal Skeleton suffocated in a wall
[11:50:16] [Server thread/INFO]: Prime_Ramirez issued server command: /home Prime_Ramirez
[11:57:45] [Server thread/INFO]: Prime_Ramirez issued server command: /home Prime_Ramirez
[12:02:00] [Server thread/INFO]: Prime_Ramirez issued server command: /home Prime_Ramirez
[12:06:53] [Server thread/INFO]: Prime_Ramirez issued server command: /home Prime_Ramirez
[12:25:10] [Server thread/INFO]: Prime_Ramirez issued server command: /home Prime_Ramirez
[12:28:34] [Server thread/INFO]: Prime_Ramirez was shot by Skeleton
[12:34:29] [Server thread/INFO]: Prime_Ramirez issued server command: /home Prime_Ramirez
[12:39:24] [Server thread/INFO]: Prime_Ramirez issued server command: /home Prime_Ramirez
[12:44:46] [Server thread/INFO]: Named entity EntityBat['Infernal Bat'/51869, uuid='443fbd1e-cf4e-4f38-a8c9-05d6aca6067f', l='ServerLevel[world]', x=-266.16, y=43.99, z=-159.83, cpos=[-17, -10], tl=4458, v=true] died: Infernal Bat was slain by Prime_Ramirez
[12:50:57] [Server thread/INFO]: Prime_Ramirez issued server command: /home Prime_Ramirez
[12:53:52] [Server thread/INFO]: Prime_Ramirez has completed the challenge [It Spreads]
[13:01:54] [Server thread/INFO]: Prime_Ramirez has made the advancement [Fishy Business]
[13:06:41] [Server thread/INFO]: Prime_Ramirez issued server command: /skills
[13:17:21] [Server thread/INFO]: Prime_Ramirez issued server command: /home Prime_Ramirez
[13:20:40] [Server thread/INFO]: Prime_Ramirez has made the advancement [Enchanter]
[13:27:39] [Server thread/INFO]: Named entity EntityBat['Infernal Bat'/58509, uuid='1bfefd7a-18ff-4dd8-aca8-02ffc3ff89a2', l='ServerLevel[world]', x=-294.75, y=16.78, z=-282.75, cpos=[-19, -18], tl=298, v=true] died: Infernal Bat suffocated in a wall
[13:40:06] [User Authenticator #4/INFO]: UUID of player Breloomc is 48130506-0588-31fd-a5ba-9c8dc9352584
[13:40:06] [Server thread/INFO]: Breloomc joined the game
[13:40:06] [Server thread/INFO]: Breloomc[/181.52.3.54:49892] logged in with entity id 59618 at ([world]-15.72417861915718, 74.0, -509.01271262220985)
[13:40:16] [Async Chat Thread - #1/INFO]: [Not Secure] <Breloomc> pero
[13:40:20] [Async Chat Thread - #0/INFO]: [Not Secure] <Prime_Ramirez> No nada
[13:40:21] [Async Chat Thread - #1/INFO]: [Not Secure] <Breloomc> y está lloviendo
[13:40:24] [Async Chat Thread - #0/INFO]: [Not Secure] <Prime_Ramirez> Sin palabras
[13:40:28] [Async Chat Thread - #0/INFO]: [Not Secure] <Breloomc> tan temprano?
[13:40:37] [Async Chat Thread - #1/INFO]: [Not Secure] <Prime_Ramirez> tengo un arco q me da fuerza 2
[13:40:44] [Async Chat Thread - #1/INFO]: [Not Secure] <Breloomc> CÓMO?
[13:40:50] [Async Chat Thread - #0/INFO]: [Not Secure] <Prime_Ramirez> Permanente
[13:40:58] [Async Chat Thread - #0/INFO]: [Not Secure] <Prime_Ramirez> Lo mande al grupo, el primero q envie
[13:41:00] [Async Chat Thread - #1/INFO]: [Not Secure] <Breloomc> pero cuando lo tienes equipado cierto?
[13:41:09] [Async Chat Thread - #0/INFO]: [Not Secure] <Prime_Ramirez> Nama en el inventario
[13:41:31] [Async Chat Thread - #1/INFO]: [Not Secure] <Prime_Ramirez> Ya esta la mesa de encantamientos al nivel 3
[13:41:40] [Async Chat Thread - #1/INFO]: [Not Secure] <Prime_Ramirez> Y ya tenemos vacas
[13:41:51] [Async Chat Thread - #0/INFO]: [Not Secure] <Breloomc> ovejas todavía no?
[13:43:59] [Server thread/INFO]: Breloomc issued server command: /sethome Mercado
[13:44:06] [Server thread/INFO]: Breloomc issued server command: /home Breloom
[13:44:44] [Async Chat Thread - #2/INFO]: [Not Secure] <Prime_Ramirez> Nop, no he encontrado
[13:44:47] [Server thread/INFO]: Breloomc issued server command: /home Mercado
[13:44:52] [Async Chat Thread - #2/INFO]: [Not Secure] <Prime_Ramirez> Ya andamo full diamante brillantico
[13:44:59] [Async Chat Thread - #2/INFO]: [Not Secure] <Breloomc> encantado?
[13:45:01] [Async Chat Thread - #3/INFO]: [Not Secure] <Prime_Ramirez> Sis
[13:45:07] [Async Chat Thread - #2/INFO]: [Not Secure] <Prime_Ramirez> Prote 3 y 2
[13:45:08] [Async Chat Thread - #2/INFO]: [Not Secure] <Breloomc> eso fue rapido
[13:45:21] [Async Chat Thread - #2/INFO]: [Not Secure] <Prime_Ramirez> Apenasz consegui la mesa tenia nivel 40
[13:45:36] [Async Chat Thread - #2/INFO]: [Not Secure] <Breloomc> ahhh y cómo conseguiste los niveles? minando?
[13:45:42] [Async Chat Thread - #3/INFO]: [Not Secure] <Prime_Ramirez> Sis
[13:45:53] [Async Chat Thread - #2/INFO]: [Not Secure] <Prime_Ramirez> Eso y q no habia gastado nada hasta este momento
[13:45:59] [Async Chat Thread - #3/INFO]: [Not Secure] <Prime_Ramirez> Sigo teniendo 32
[13:46:23] [Async Chat Thread - #2/INFO]: [Not Secure] <Breloomc> entonces esos encantamientos te salieron rapido
[13:46:28] [Async Chat Thread - #3/INFO]: [Not Secure] <Prime_Ramirez> Hay una mina q encontre q tiene spawner
[13:46:34] [Async Chat Thread - #2/INFO]: [Not Secure] <Prime_Ramirez> Si
[13:46:35] [Async Chat Thread - #3/INFO]: [Not Secure] <Breloomc> por donde es?
[13:46:40] [Async Chat Thread - #2/INFO]: [Not Secure] <Breloomc> es la que exploró carlos?
[13:46:43] [Async Chat Thread - #3/INFO]: [Not Secure] <Prime_Ramirez> Ahora q la encuentree te aviso
[13:46:47] [Async Chat Thread - #3/INFO]: [Not Secure] <Breloomc> dale
[13:46:50] [Async Chat Thread - #2/INFO]: [Not Secure] <Prime_Ramirez> Es otra esta lejitos
[13:47:23] [Server thread/INFO]: Villager EntityVillager['Cartographer'/13055, uuid='e5ea2b3e-0acf-47bc-8b67-2643fc68f9cf', l='ServerLevel[world]', x=-24.68, y=68.05, z=-330.52, cpos=[-2, -21], tl=48943, v=true] died, message: 'Cartographer drowned'
[13:53:11] [Async Chat Thread - #4/INFO]: [Not Secure] <Prime_Ramirez> Si yo le pongo mending a las armaduras esas se reparan solas no?
[13:53:45] [Async Chat Thread - #4/INFO]: [Not Secure] <Breloomc> mientras les caiga exp
[13:53:50] [Async Chat Thread - #5/INFO]: [Not Secure] <Prime_Ramirez> Nice, grax
[13:53:51] [Async Chat Thread - #4/INFO]: [Not Secure] <Breloomc> pero después no subes de nivel
[13:53:55] [Async Chat Thread - #5/INFO]: [Not Secure] <Prime_Ramirez> Ahh
[13:55:30] [Server thread/INFO]: [InfernalMobs] [STDOUT] Can't spawn mount!
[13:55:30] [Server thread/WARN]: Nag author(s): '[Eliminator]' of 'InfernalMobs v6.7' about their usage of System.out/err.print. Please use your plugin's logger instead (JavaPlugin#getLogger).
[13:55:30] [Server thread/INFO]: [InfernalMobs] [STDOUT] MUSHROOM_COW is not a valid Entity!
[13:57:28] [Server thread/INFO]: Breloomc issued server command: /home Breloom
[13:58:32] [Server thread/INFO]: Breloomc issued server command: /home Breloomc
[13:58:51] [Server thread/INFO]: Breloomc issued server command: /home Breloom
[13:59:11] [Server thread/INFO]: Breloomc issued server command: /home Breloomc
[13:59:15] [Server thread/INFO]: [InfernalMobs] [STDOUT] Can't spawn mount!
[13:59:15] [Server thread/INFO]: [InfernalMobs] [STDOUT] ENDER_DRAGON is not a valid Entity!
[13:59:30] [Server thread/INFO]: Breloomc issued server command: /home Breloomc
[13:59:33] [Server thread/INFO]: Breloomc issued server command: /home Breloom
[14:01:15] [Server thread/INFO]: Breloomc issued server command: /home Breloomc
[14:01:59] [Server thread/INFO]: Breloomc issued server command: /home Breloom
[14:03:08] [Server thread/INFO]: Named entity EntityBat['Infernal Bat'/69135, uuid='547685e9-5eaa-4c33-915f-126e1c0fbe2a', l='ServerLevel[world]', x=111.25, y=45.78, z=-762.02, cpos=[6, -48], tl=1348, v=true] died: Infernal Bat suffocated in a wall
[14:04:55] [Async Chat Thread - #6/INFO]: [Not Secure] <Prime_Ramirez> Encontre otra aldea
[14:05:03] [Async Chat Thread - #7/INFO]: [Not Secure] <Breloomc> en la nieve?
[14:05:11] [Async Chat Thread - #6/INFO]: [Not Secure] <Prime_Ramirez> No, jueputa
[14:05:17] [Async Chat Thread - #6/INFO]: [Not Secure] <Breloomc> en donde?
[14:05:20] [Async Chat Thread - #7/INFO]: [Not Secure] <Prime_Ramirez> Me encontre un cofre con 14 manzanas
[14:05:25] [Async Chat Thread - #7/INFO]: [Not Secure] <Breloomc> doradas?
[14:05:26] [Async Chat Thread - #6/INFO]: [Not Secure] <Prime_Ramirez> Esta en planicie
[14:05:26] [Server thread/INFO]: [InfernalMobs] [STDOUT] Can't spawn mount!
[14:05:26] [Server thread/WARN]: Nag author(s): '[Eliminator]' of 'InfernalMobs v6.7' about their usage of System.out/err.print. Please use your plugin's logger instead (JavaPlugin#getLogger).
[14:05:26] [Server thread/INFO]: [InfernalMobs] [STDOUT] ENDER_DRAGON is not a valid Entity!
[14:05:37] [Async Chat Thread - #7/INFO]: [Not Secure] <Prime_Ramirez> No, normales, pero ocupaban todo el cofre
[14:06:12] [Server thread/INFO]: [InfernalMobs] [STDOUT] Can't spawn mount!
[14:06:12] [Server thread/INFO]: [InfernalMobs] [STDOUT] ENDER_DRAGON is not a valid Entity!
[14:06:13] [Async Chat Thread - #6/INFO]: [Not Secure] <Prime_Ramirez> Nojoda esta enorme
[14:06:19] [Async Chat Thread - #7/INFO]: [Not Secure] <Prime_Ramirez> Vienes?
[14:06:28] [Async Chat Thread - #6/INFO]: [Not Secure] <Breloomc> ando ocupado con la mudanza
[14:06:37] [Async Chat Thread - #7/INFO]: [Not Secure] <Breloomc> igual le tomas captura a las coords
[14:06:40] [Async Chat Thread - #6/INFO]: [Not Secure] <Prime_Ramirez> Omg gatos blancos hii!!!!!!!!!!!!
[14:07:03] [Server thread/INFO]: Prime_Ramirez lost connection: Disconnected
[14:07:03] [Server thread/INFO]: Prime_Ramirez left the game
[14:07:50] [User Authenticator #5/INFO]: UUID of player Prime_Ramirez is de17829c-516a-30df-a011-d9dd7d32f24d
[14:07:50] [Server thread/INFO]: Prime_Ramirez joined the game
[14:07:50] [Server thread/INFO]: Prime_Ramirez[/191.108.44.158:50556] logged in with entity id 71786 at ([world]-1603.3432322555313, 64.0, -216.18103726817696)
[14:08:04] [Async Chat Thread - #8/INFO]: [Not Secure] <Prime_Ramirez> Mequivoque d boton
[14:08:11] [Async Chat Thread - #9/INFO]: [Not Secure] <Breloomc> le diste esc?
[14:10:17] [Server thread/INFO]: Villager EntityVillager['Villager'/71847, uuid='4cfee7f3-6b15-4838-911f-ecc17f74c5d9', l='ServerLevel[world]', x=-1653.07, y=67.50, z=-220.50, cpos=[-104, -14], tl=6539, v=true] died, message: 'Villager was slain by Zombie'
[14:10:41] [Server thread/INFO]: Breloomc issued server command: /home Breloom
[14:10:45] [Server thread/INFO]: Breloomc issued server command: /home Breloomc
[14:11:34] [Server thread/INFO]: Breloomc issued server command: /home Breloom
[14:12:10] [Server thread/INFO]: Breloomc issued server command: /home Breloomc
[14:12:14] [Async Chat Thread - #10/INFO]: [Not Secure] <Prime_Ramirez> No, alt f4
[14:12:19] [Async Chat Thread - #10/INFO]: [Not Secure] <Breloomc> ah ya
[14:12:28] [Server thread/INFO]: Named entity EntitySpider['Infernal Spider'/74101, uuid='f49ced5a-0771-4d5b-a4d2-0f77c281dd0e', l='ServerLevel[world]', x=-1193.46, y=69.00, z=-363.90, cpos=[-75, -23], tl=417, v=true] died: Infernal Spider was slain by Prime_Ramirez
[14:13:12] [Async Chat Thread - #10/INFO]: [Not Secure] <Breloomc> lag
[14:13:13] [Server thread/WARN]: Can't keep up! Is the server overloaded? Running 13271ms or 265 ticks behind
[14:13:13] [Async Chat Thread - #11/INFO]: [Not Secure] <Prime_Ramirez> Peto
[14:13:17] [Async Chat Thread - #10/INFO]: [Not Secure] <Breloomc> seeh
[14:13:18] [Server thread/INFO]: Prime_Ramirez lost connection: Disconnected
[14:31:12] [BackpackPlusSQLitePool housekeeper/WARN]: [pl.ziomalu.backpackplus.libs.hikari.pool.HikariPool] BackpackPlusSQLitePool - Thread starvation or clock leap detected (housekeeper delta=2m706ms919µs907ns).
[14:33:03] [User Authenticator #7/INFO]: UUID of player Prime_Ramirez is de17829c-516a-30df-a011-d9dd7d32f24d
[14:33:34] [User Authenticator #8/INFO]: UUID of player Prime_Ramirez is de17829c-516a-30df-a011-d9dd7d32f24d
[14:33:54] [BackpackPlusSQLitePool housekeeper/WARN]: [pl.ziomalu.backpackplus.libs.hikari.pool.HikariPool] BackpackPlusSQLitePool - Thread starvation or clock leap detected (housekeeper delta=18m8s154ms221µs870ns).
[14:41:17] [BackpackPlusSQLitePool housekeeper/WARN]: [pl.ziomalu.backpackplus.libs.hikari.pool.HikariPool] BackpackPlusSQLitePool - Thread starvation or clock leap detected (housekeeper delta=54s305ms49µs10ns).
[15:34:08] [Server thread/INFO]: Prime_Ramirez left the game
[15:56:56] [BackpackPlusSQLitePool housekeeper/WARN]: [pl.ziomalu.backpackplus.libs.hikari.pool.HikariPool] BackpackPlusSQLitePool - Thread starvation or clock leap detected (housekeeper delta=17m9s863ms921µs499ns).
[15:57:31] [BackpackPlusSQLitePool housekeeper/WARN]: [pl.ziomalu.backpackplus.libs.hikari.pool.HikariPool] BackpackPlusSQLitePool - Thread starvation or clock leap detected (housekeeper delta=59s243ms906µs256ns).
[15:58:29] [BackpackPlusSQLitePool housekeeper/WARN]: [pl.ziomalu.backpackplus.libs.hikari.pool.HikariPool] BackpackPlusSQLitePool - Thread starvation or clock leap detected (housekeeper delta=57s804ms603µs149ns).
